<?xml version="1.0" encoding="UTF-8"?>
<testng-results ignored="0" total="0" passed="0" failed="0" skipped="0">
  <reporter-output>
  </reporter-output>
  <suite started-at="2021-12-30T12:59:51 AEDT" name="org.example.BaseTest" finished-at="2021-12-30T12:59:51 AEDT" duration-ms="4">
    <groups>
    </groups>
    <test started-at="2021-12-30T12:59:51 AEDT" name="Command line test" finished-at="2021-12-30T12:59:51 AEDT" duration-ms="4">
    </test> <!-- Command line test -->
  </suite> <!-- org.example.BaseTest -->
</testng-results>
